TN:
SF:script/Deploy.s.sol
DA:9,0
FN:9,Deploy.run
FNDA:0,Deploy.run
DA:10,0
DA:11,0
DA:12,0
DA:13,0
DA:15,0
DA:16,0
DA:17,0
FNF:1
FNH:0
LF:8
LH:0
BRF:0
BRH:0
end_of_record
TN:
SF:script/DeployTestUSDC.s.sol
DA:8,0
FN:8,DeployTestUSDC.run
FNDA:0,DeployTestUSDC.run
DA:9,0
DA:11,0
DA:12,0
DA:13,0
FNF:1
FNH:0
LF:5
LH:0
BRF:0
BRH:0
end_of_record
TN:
SF:src/HermesChallenge.sol
DA:33,18
FN:33,HermesChallenge.constructor
FNDA:18,HermesChallenge.constructor
DA:45,18
BRDA:45,0,0,-
DA:46,0
DA:48,18
BRDA:48,1,0,-
DA:49,0
DA:51,18
BRDA:51,2,0,-
DA:52,0
DA:54,18
BRDA:54,3,0,-
DA:55,0
DA:57,18
BRDA:57,4,0,-
DA:58,0
DA:60,18
DA:61,18
DA:62,18
DA:63,18
DA:64,18
DA:65,18
DA:66,18
DA:67,18
DA:68,18
DA:69,18
DA:70,18
DA:73,2326
FN:73,HermesChallenge.onlyOracle
FNDA:2326,HermesChallenge.onlyOracle
DA:74,2326
BRDA:74,5,0,1
DA:78,1
FN:78,HermesChallenge.onlyPoster
FNDA:1,HermesChallenge.onlyPoster
DA:79,1
BRDA:79,6,0,-
DA:83,24739
FN:83,HermesChallenge.submit
FNDA:24739,HermesChallenge.submit
DA:84,0
DA:85,24739
BRDA:85,7,0,23209
DA:86,1530
BRDA:86,8,0,-
DA:87,1530
BRDA:87,9,0,257
DA:88,257
DA:91,1273
DA:92,1273
DA:102,1273
DA:103,1273
DA:106,2325
FN:106,HermesChallenge.postScore
FNDA:2325,HermesChallenge.postScore
DA:107,0
DA:108,2325
BRDA:108,10,0,1847
DA:109,1847
DA:111,478
BRDA:111,11,0,-
DA:112,478
DA:113,0
BRDA:113,12,0,-
DA:115,478
DA:116,478
DA:117,478
DA:119,478
DA:122,164
FN:122,HermesChallenge.finalize
FNDA:164,HermesChallenge.finalize
DA:123,0
DA:124,164
BRDA:124,13,0,-
DA:125,164
BRDA:125,14,0,-
DA:126,164
BRDA:126,15,0,-
DA:127,164
BRDA:127,16,0,1
DA:128,1
DA:131,163
DA:132,163
BRDA:132,17,0,-
DA:134,163
DA:135,163
DA:137,163
BRDA:137,18,0,161
BRDA:137,18,1,-
DA:138,161
DA:139,2
BRDA:139,19,0,1
BRDA:139,19,1,-
DA:140,1
DA:141,1
BRDA:141,20,0,1
BRDA:141,20,1,-
DA:142,1
DA:144,0
DA:147,163
DA:148,163
DA:149,161
DA:151,163
BRDA:151,21,0,163
DA:152,163
BRDA:152,22,0,163
BRDA:152,22,1,-
DA:155,163
DA:158,2
FN:158,HermesChallenge.dispute
FNDA:2,HermesChallenge.dispute
DA:159,0
DA:160,2
BRDA:160,23,0,-
DA:161,2
BRDA:161,24,0,-
DA:162,2
BRDA:162,25,0,-
DA:164,2
DA:165,2
BRDA:165,26,0,-
DA:167,2
DA:168,2
DA:169,2
DA:172,2
FN:172,HermesChallenge.resolveDispute
FNDA:2,HermesChallenge.resolveDispute
DA:173,2
BRDA:173,27,0,-
DA:174,2
BRDA:174,28,0,-
DA:175,2
BRDA:175,29,0,-
DA:177,2
DA:178,2
DA:180,2
BRDA:180,30,0,1
BRDA:180,30,1,-
DA:181,1
DA:182,1
BRDA:182,31,0,-
BRDA:182,31,1,-
DA:183,0
DA:184,0
DA:185,0
DA:186,1
BRDA:186,32,0,1
BRDA:186,32,1,-
DA:187,1
DA:188,1
DA:193,1
DA:195,0
DA:198,2
DA:199,2
DA:200,2
DA:202,2
BRDA:202,33,0,2
DA:203,2
BRDA:203,34,0,2
BRDA:203,34,1,-
DA:206,2
DA:209,1
FN:209,HermesChallenge.cancel
FNDA:1,HermesChallenge.cancel
DA:210,0
DA:211,1
BRDA:211,35,0,-
DA:212,1
BRDA:212,36,0,-
DA:213,1
BRDA:213,37,0,-
DA:215,1
DA:216,1
BRDA:216,38,0,1
BRDA:216,38,1,-
DA:217,1
DA:220,0
FN:220,HermesChallenge.timeoutRefund
FNDA:0,HermesChallenge.timeoutRefund
DA:221,0
BRDA:221,39,0,-
DA:222,0
BRDA:222,40,0,-
DA:224,0
DA:225,0
BRDA:225,41,0,-
BRDA:225,41,1,-
DA:226,0
DA:229,0
FN:229,HermesChallenge.claim
FNDA:0,HermesChallenge.claim
DA:230,0
BRDA:230,42,0,-
DA:231,0
DA:232,0
BRDA:232,43,0,-
DA:233,0
DA:234,0
BRDA:234,44,0,-
BRDA:234,44,1,-
DA:235,0
DA:238,19421
FN:238,HermesChallenge.getSubmission
FNDA:19421,HermesChallenge.getSubmission
DA:239,19421
BRDA:239,45,0,-
DA:240,19421
DA:243,8255
FN:243,HermesChallenge.getLeaderboard
FNDA:8255,HermesChallenge.getLeaderboard
DA:249,8255
DA:252,27231
FN:252,HermesChallenge._updateStatusAfterDeadline
FNDA:27231,HermesChallenge._updateStatusAfterDeadline
DA:253,27231
BRDA:253,46,0,16370
DA:254,16370
DA:258,169
FN:258,HermesChallenge._setPayout
FNDA:169,HermesChallenge._setPayout
DA:259,169
DA:262,1
FN:262,HermesChallenge._setTopThreePayouts
FNDA:1,HermesChallenge._setTopThreePayouts
DA:263,1
DA:264,1
DA:265,1
DA:267,1
DA:268,1
BRDA:268,47,0,1
BRDA:268,47,1,-
DA:269,1
DA:271,0
DA:273,1
BRDA:273,48,0,1
BRDA:273,48,1,-
DA:274,1
DA:276,0
DA:280,2
FN:280,HermesChallenge._setProportionalPayouts
FNDA:2,HermesChallenge._setProportionalPayouts
DA:285,2
DA:286,2
DA:287,4
DA:289,2
BRDA:289,49,0,-
DA:290,0
DA:291,0
DA:293,2
DA:294,2
DA:295,4
DA:296,4
DA:297,4
DA:299,2
BRDA:299,50,0,-
DA:300,0
DA:301,0
DA:305,163
FN:305,HermesChallenge._computeWinners
FNDA:163,HermesChallenge._computeWinners
DA:310,163
DA:311,163
BRDA:311,51,0,-
DA:312,0
DA:314,163
DA:315,163
BRDA:315,52,0,-
DA:316,0
DA:318,163
DA:319,163
DA:320,163
DA:321,217
DA:322,217
DA:326,8419
FN:326,HermesChallenge._rankedSubmissions
FNDA:8419,HermesChallenge._rankedSubmissions
DA:331,8419
DA:332,8419
BRDA:332,53,0,7995
DA:333,7995
DA:336,424
DA:337,424
DA:339,424
DA:340,424
DA:341,430
BRDA:341,54,0,430
DA:342,430
DA:343,430
DA:344,430
DA:348,424
BRDA:348,55,0,100
DA:349,100
DA:353,324
DA:354,324
DA:355,324
DA:356,430
DA:357,430
DA:361,324
DA:362,430
DA:363,430
DA:364,107
BRDA:364,56,0,47
DA:365,47
DA:368,430
BRDA:368,57,0,47
DA:369,47
DA:370,47
DA:374,324
DA:377,0
FN:377,HermesChallenge._ensureWinnerFirst
FNDA:0,HermesChallenge._ensureWinnerFirst
DA:382,0
DA:383,0
BRDA:383,58,0,-
DA:384,0
DA:386,0
DA:387,0
DA:389,0
DA:390,0
DA:391,0
BRDA:391,59,0,-
DA:392,0
DA:393,0
DA:397,1
FN:397,HermesChallenge._ensureWinnerFirstWithScores
FNDA:1,HermesChallenge._ensureWinnerFirstWithScores
DA:402,1
DA:403,1
DA:404,1
BRDA:404,60,0,-
DA:405,0
DA:408,1
DA:409,1
DA:410,2
BRDA:410,61,0,1
DA:411,1
DA:412,1
DA:416,1
DA:417,1
DA:419,1
DA:420,1
DA:421,2
BRDA:421,62,0,1
DA:422,1
DA:423,1
DA:424,1
FNF:21
FNH:18
LF:230
LH:181
BRF:76
BRH:25
end_of_record
TN:
SF:src/HermesFactory.sol
DA:18,1
FN:18,HermesFactory.constructor
FNDA:1,HermesFactory.constructor
DA:19,1
BRDA:19,0,0,-
DA:20,0
DA:22,1
DA:23,1
DA:24,1
DA:27,0
FN:27,HermesFactory.setOracle
FNDA:0,HermesFactory.setOracle
DA:28,0
BRDA:28,1,0,-
DA:29,0
DA:32,0
FN:32,HermesFactory.setTreasury
FNDA:0,HermesFactory.setTreasury
DA:33,0
BRDA:33,2,0,-
DA:34,0
DA:37,1
FN:37,HermesFactory.createChallenge
FNDA:1,HermesFactory.createChallenge
DA:46,1
DA:48,1
DA:61,1
DA:62,1
DA:63,1
DA:64,1
DA:66,1
DA:67,1
BRDA:67,3,0,-
BRDA:67,3,1,-
DA:69,1
DA:70,1
BRDA:70,4,0,-
DA:71,0
FNF:4
FNH:2
LF:24
LH:16
BRF:6
BRH:0
end_of_record
TN:
SF:test/HermesInvariant.t.sol
DA:26,1
FN:26,HermesInvariantHandler.constructor
FNDA:1,HermesInvariantHandler.constructor
DA:27,1
DA:28,1
DA:30,1
DA:31,1
DA:44,1
DA:45,1
DA:47,1
DA:50,21586
FN:50,HermesInvariantHandler.submitA
FNDA:21586,HermesInvariantHandler.submitA
DA:51,21586
BRDA:51,0,0,9651
DA:52,11935
DA:53,11935
DA:56,21369
FN:56,HermesInvariantHandler.submitB
FNDA:21369,HermesInvariantHandler.submitB
DA:57,21369
BRDA:57,1,0,9862
DA:58,11507
DA:59,11507
DA:62,21462
FN:62,HermesInvariantHandler.scoreA
FNDA:21462,HermesInvariantHandler.scoreA
DA:63,21462
BRDA:63,2,0,11959
DA:64,9503
BRDA:64,3,0,166
DA:65,9337
DA:66,8223
BRDA:66,4,0,8223
DA:67,1114
DA:68,1114
DA:71,21604
FN:71,HermesInvariantHandler.scoreB
FNDA:21604,HermesInvariantHandler.scoreB
DA:72,21604
BRDA:72,5,0,11610
DA:73,9994
BRDA:73,6,0,167
DA:74,9827
DA:75,8883
BRDA:75,7,0,8883
DA:76,944
DA:77,944
DA:80,21114
FN:80,HermesInvariantHandler.advanceTime
FNDA:21114,HermesInvariantHandler.advanceTime
DA:81,21114
DA:84,21285
FN:84,HermesInvariantHandler.finalizeIfReady
FNDA:21285,HermesInvariantHandler.finalizeIfReady
DA:85,21285
BRDA:85,8,0,12773
DA:86,8512
BRDA:86,9,0,257
DA:87,257
DA:89,8255
DA:90,8255
BRDA:90,10,0,8095
DA:91,160
DA:94,0
FN:94,HermesInvariantHandler.assertAccounting
FNDA:0,HermesInvariantHandler.assertAccounting
DA:95,0
BRDA:95,11,0,-
DA:96,0
DA:97,0
DA:98,0
DA:99,0
FNF:8
FNH:7
LF:45
LH:39
BRF:12
BRH:11
end_of_record
TN:
SF:test/MockUSDC.sol
DA:9,15
FN:9,MockUSDC.mint
FNDA:15,MockUSDC.mint
DA:10,15
FNF:1
FNH:1
LF:2
LH:2
BRF:0
BRH:0
end_of_record
